2023-11-11 13:25:30,126 INFO notifyConnectTimeout:100

2023-11-11 13:25:30,131 INFO notifySocketTimeout:200

2023-11-11 13:25:30,132 INFO isHealthCheck:true

2023-11-11 13:25:30,133 INFO maxHealthCheckFailCount:12

2023-11-11 13:25:30,134 INFO maxContent:10485760

2023-11-11 13:25:46,746 WARN DumpService start

2023-11-11 13:25:46,750 INFO start clear all config-info.

2023-11-11 13:25:46,752 WARN clear all config-info failed.

2023-11-11 13:25:46,753 WARN clear all config-info-tenant failed.

2023-11-11 13:25:48,943 INFO notifyConnectTimeout:100

2023-11-11 13:25:48,947 INFO notifySocketTimeout:200

2023-11-11 13:25:48,948 INFO isHealthCheck:true

2023-11-11 13:25:48,949 INFO maxHealthCheckFailCount:12

2023-11-11 13:25:48,950 INFO maxContent:10485760

2023-11-11 13:26:04,235 WARN DumpService start

2023-11-11 13:26:04,239 INFO start clear all config-info.

2023-11-11 13:26:04,241 WARN clear all config-info failed.

2023-11-11 13:26:04,243 WARN clear all config-info-tenant failed.

2023-11-11 13:26:20,153 INFO notifyConnectTimeout:100

2023-11-11 13:26:20,157 INFO notifySocketTimeout:200

2023-11-11 13:26:20,158 INFO isHealthCheck:true

2023-11-11 13:26:20,159 INFO maxHealthCheckFailCount:12

2023-11-11 13:26:20,160 INFO maxContent:10485760

2023-11-11 13:26:35,250 WARN DumpService start

2023-11-11 13:26:35,254 INFO start clear all config-info.

2023-11-11 13:26:35,255 WARN clear all config-info failed.

2023-11-11 13:26:35,257 WARN clear all config-info-tenant failed.

2023-11-11 13:26:37,637 INFO notifyConnectTimeout:100

2023-11-11 13:26:37,640 INFO notifySocketTimeout:200

2023-11-11 13:26:37,641 INFO isHealthCheck:true

2023-11-11 13:26:37,642 INFO maxHealthCheckFailCount:12

2023-11-11 13:26:37,643 INFO maxContent:10485760

2023-11-11 13:26:52,649 WARN DumpService start

2023-11-11 13:26:52,680 INFO start clear all config-info.

2023-11-11 13:26:52,682 WARN clear all config-info failed.

2023-11-11 13:26:52,684 WARN clear all config-info-tenant failed.

2023-11-11 13:26:54,900 INFO notifyConnectTimeout:100

2023-11-11 13:26:54,904 INFO notifySocketTimeout:200

2023-11-11 13:26:54,905 INFO isHealthCheck:true

2023-11-11 13:26:54,906 INFO maxHealthCheckFailCount:12

2023-11-11 13:26:54,907 INFO maxContent:10485760

2023-11-11 13:27:01,066 WARN DumpService start

2023-11-11 13:27:01,071 INFO start clear all config-info.

2023-11-11 13:27:01,074 WARN clear all config-info failed.

2023-11-11 13:27:01,076 WARN clear all config-info-tenant failed.

2023-11-11 13:27:25,658 INFO notifyConnectTimeout:100

2023-11-11 13:27:25,662 INFO notifySocketTimeout:200

2023-11-11 13:27:25,663 INFO isHealthCheck:true

2023-11-11 13:27:25,663 INFO maxHealthCheckFailCount:12

2023-11-11 13:27:25,664 INFO maxContent:10485760

2023-11-11 13:27:30,379 WARN DumpService start

2023-11-11 13:27:30,382 INFO start clear all config-info.

2023-11-11 13:27:30,384 WARN clear all config-info failed.

2023-11-11 13:27:30,385 WARN clear all config-info-tenant failed.

2023-11-11 13:27:32,608 INFO notifyConnectTimeout:100

2023-11-11 13:27:32,612 INFO notifySocketTimeout:200

2023-11-11 13:27:32,613 INFO isHealthCheck:true

2023-11-11 13:27:32,614 INFO maxHealthCheckFailCount:12

2023-11-11 13:27:32,615 INFO maxContent:10485760

2023-11-11 13:27:37,930 WARN DumpService start

2023-11-11 13:27:37,936 INFO start clear all config-info.

2023-11-11 13:27:37,938 WARN clear all config-info failed.

2023-11-11 13:27:37,941 WARN clear all config-info-tenant failed.

2023-11-11 13:27:40,606 INFO notifyConnectTimeout:100

2023-11-11 13:27:40,612 INFO notifySocketTimeout:200

2023-11-11 13:27:40,613 INFO isHealthCheck:true

2023-11-11 13:27:40,614 INFO maxHealthCheckFailCount:12

2023-11-11 13:27:40,615 INFO maxContent:10485760

2023-11-11 13:27:46,564 WARN DumpService start

2023-11-11 13:27:46,570 INFO start clear all config-info.

2023-11-11 13:27:46,573 WARN clear all config-info failed.

2023-11-11 13:27:46,575 WARN clear all config-info-tenant failed.

2023-11-11 13:27:50,190 INFO notifyConnectTimeout:100

2023-11-11 13:27:50,194 INFO notifySocketTimeout:200

2023-11-11 13:27:50,196 INFO isHealthCheck:true

2023-11-11 13:27:50,197 INFO maxHealthCheckFailCount:12

2023-11-11 13:27:50,198 INFO maxContent:10485760

2023-11-11 13:27:56,448 WARN DumpService start

2023-11-11 13:27:56,453 INFO start clear all config-info.

2023-11-11 13:27:56,455 WARN clear all config-info failed.

2023-11-11 13:27:56,456 WARN clear all config-info-tenant failed.

2023-11-11 13:27:59,573 INFO notifyConnectTimeout:100

2023-11-11 13:27:59,581 INFO notifySocketTimeout:200

2023-11-11 13:27:59,582 INFO isHealthCheck:true

2023-11-11 13:27:59,583 INFO maxHealthCheckFailCount:12

2023-11-11 13:27:59,584 INFO maxContent:10485760

2023-11-11 13:28:05,208 WARN DumpService start

2023-11-11 13:28:05,213 INFO start clear all config-info.

2023-11-11 13:28:05,215 WARN clear all config-info failed.

2023-11-11 13:28:05,217 WARN clear all config-info-tenant failed.

2023-11-11 13:28:09,108 INFO notifyConnectTimeout:100

2023-11-11 13:28:09,112 INFO notifySocketTimeout:200

2023-11-11 13:28:09,113 INFO isHealthCheck:true

2023-11-11 13:28:09,114 INFO maxHealthCheckFailCount:12

2023-11-11 13:28:09,116 INFO maxContent:10485760

2023-11-11 13:28:14,936 WARN DumpService start

2023-11-11 13:28:14,941 INFO start clear all config-info.

2023-11-11 13:28:14,942 WARN clear all config-info failed.

2023-11-11 13:28:14,944 WARN clear all config-info-tenant failed.

2023-11-11 13:29:53,311 INFO notifyConnectTimeout:100

2023-11-11 13:29:53,315 INFO notifySocketTimeout:200

2023-11-11 13:29:53,316 INFO isHealthCheck:true

2023-11-11 13:29:53,317 INFO maxHealthCheckFailCount:12

2023-11-11 13:29:53,318 INFO maxContent:10485760

2023-11-11 13:29:57,837 WARN DumpService start

2023-11-11 13:29:57,841 INFO start clear all config-info.

2023-11-11 13:29:57,842 WARN clear all config-info failed.

2023-11-11 13:29:57,844 WARN clear all config-info-tenant failed.

2023-11-11 13:30:00,189 INFO notifyConnectTimeout:100

2023-11-11 13:30:00,193 INFO notifySocketTimeout:200

2023-11-11 13:30:00,194 INFO isHealthCheck:true

2023-11-11 13:30:00,195 INFO maxHealthCheckFailCount:12

2023-11-11 13:30:00,195 INFO maxContent:10485760

2023-11-11 13:30:04,855 WARN DumpService start

2023-11-11 13:30:04,859 INFO start clear all config-info.

2023-11-11 13:30:04,861 WARN clear all config-info failed.

2023-11-11 13:30:04,863 WARN clear all config-info-tenant failed.

2023-11-11 13:30:07,016 INFO notifyConnectTimeout:100

2023-11-11 13:30:07,021 INFO notifySocketTimeout:200

2023-11-11 13:30:07,022 INFO isHealthCheck:true

2023-11-11 13:30:07,022 INFO maxHealthCheckFailCount:12

2023-11-11 13:30:07,023 INFO maxContent:10485760

2023-11-11 13:30:11,581 WARN DumpService start

2023-11-11 13:30:11,586 INFO start clear all config-info.

2023-11-11 13:30:11,587 WARN clear all config-info failed.

2023-11-11 13:30:11,589 WARN clear all config-info-tenant failed.

2023-11-11 13:30:13,934 INFO notifyConnectTimeout:100

2023-11-11 13:30:13,938 INFO notifySocketTimeout:200

2023-11-11 13:30:13,939 INFO isHealthCheck:true

2023-11-11 13:30:13,940 INFO maxHealthCheckFailCount:12

2023-11-11 13:30:13,941 INFO maxContent:10485760

2023-11-11 13:30:19,896 WARN DumpService start

2023-11-11 13:30:19,905 INFO start clear all config-info.

2023-11-11 13:30:19,909 WARN clear all config-info failed.

2023-11-11 13:30:19,911 WARN clear all config-info-tenant failed.

2023-11-11 13:30:23,430 INFO notifyConnectTimeout:100

2023-11-11 13:30:23,434 INFO notifySocketTimeout:200

2023-11-11 13:30:23,435 INFO isHealthCheck:true

2023-11-11 13:30:23,436 INFO maxHealthCheckFailCount:12

2023-11-11 13:30:23,437 INFO maxContent:10485760

2023-11-11 13:30:29,233 WARN DumpService start

2023-11-11 13:30:29,238 INFO start clear all config-info.

2023-11-11 13:30:29,240 WARN clear all config-info failed.

2023-11-11 13:30:29,242 WARN clear all config-info-tenant failed.

2023-11-11 13:30:33,609 INFO notifyConnectTimeout:100

2023-11-11 13:30:33,614 INFO notifySocketTimeout:200

2023-11-11 13:30:33,616 INFO isHealthCheck:true

2023-11-11 13:30:33,617 INFO maxHealthCheckFailCount:12

2023-11-11 13:30:33,618 INFO maxContent:10485760

2023-11-11 13:31:02,020 INFO notifyConnectTimeout:100

2023-11-11 13:31:02,024 INFO notifySocketTimeout:200

2023-11-11 13:31:02,025 INFO isHealthCheck:true

2023-11-11 13:31:02,044 INFO maxHealthCheckFailCount:12

2023-11-11 13:31:02,046 INFO maxContent:10485760

2023-11-11 13:31:19,305 WARN DumpService start

2023-11-11 13:31:19,311 INFO start clear all config-info.

2023-11-11 13:31:19,312 WARN clear all config-info failed.

2023-11-11 13:31:19,314 WARN clear all config-info-tenant failed.

2023-11-11 13:31:21,498 INFO notifyConnectTimeout:100

2023-11-11 13:31:21,502 INFO notifySocketTimeout:200

2023-11-11 13:31:21,503 INFO isHealthCheck:true

2023-11-11 13:31:21,504 INFO maxHealthCheckFailCount:12

2023-11-11 13:31:21,504 INFO maxContent:10485760

2023-11-11 13:31:36,726 WARN DumpService start

2023-11-11 13:31:36,731 INFO start clear all config-info.

2023-11-11 13:31:36,733 WARN clear all config-info failed.

2023-11-11 13:31:36,734 WARN clear all config-info-tenant failed.

2023-11-11 13:31:39,524 INFO notifyConnectTimeout:100

2023-11-11 13:31:39,532 INFO notifySocketTimeout:200

2023-11-11 13:31:39,534 INFO isHealthCheck:true

2023-11-11 13:31:39,536 INFO maxHealthCheckFailCount:12

2023-11-11 13:31:39,537 INFO maxContent:10485760

2023-11-11 13:31:58,565 WARN DumpService start

2023-11-11 13:31:58,570 INFO start clear all config-info.

2023-11-11 13:31:58,572 WARN clear all config-info failed.

2023-11-11 13:31:58,574 WARN clear all config-info-tenant failed.

2023-11-11 13:32:00,885 INFO notifyConnectTimeout:100

2023-11-11 13:32:00,893 INFO notifySocketTimeout:200

2023-11-11 13:32:00,894 INFO isHealthCheck:true

2023-11-11 13:32:00,896 INFO maxHealthCheckFailCount:12

2023-11-11 13:32:00,897 INFO maxContent:10485760

2023-11-11 13:32:16,917 WARN DumpService start

2023-11-11 13:32:16,921 INFO start clear all config-info.

2023-11-11 13:32:16,923 WARN clear all config-info failed.

2023-11-11 13:32:16,925 WARN clear all config-info-tenant failed.

2023-11-11 13:32:19,713 INFO notifyConnectTimeout:100

2023-11-11 13:32:19,718 INFO notifySocketTimeout:200

2023-11-11 13:32:19,719 INFO isHealthCheck:true

2023-11-11 13:32:19,720 INFO maxHealthCheckFailCount:12

2023-11-11 13:32:19,721 INFO maxContent:10485760

2023-11-11 13:32:35,296 WARN DumpService start

2023-11-11 13:32:35,301 INFO start clear all config-info.

2023-11-11 13:32:35,303 WARN clear all config-info failed.

2023-11-11 13:32:35,306 WARN clear all config-info-tenant failed.

2023-11-11 13:32:37,942 INFO notifyConnectTimeout:100

2023-11-11 13:32:37,946 INFO notifySocketTimeout:200

2023-11-11 13:32:37,947 INFO isHealthCheck:true

2023-11-11 13:32:37,948 INFO maxHealthCheckFailCount:12

2023-11-11 13:32:37,949 INFO maxContent:10485760

2023-11-11 13:32:53,949 WARN DumpService start

2023-11-11 13:32:53,953 INFO start clear all config-info.

2023-11-11 13:32:53,955 WARN clear all config-info failed.

2023-11-11 13:32:53,981 WARN clear all config-info-tenant failed.

2023-11-11 13:32:56,445 INFO notifyConnectTimeout:100

2023-11-11 13:32:56,449 INFO notifySocketTimeout:200

2023-11-11 13:32:56,450 INFO isHealthCheck:true

2023-11-11 13:32:56,451 INFO maxHealthCheckFailCount:12

2023-11-11 13:32:56,451 INFO maxContent:10485760

2023-11-11 13:33:12,314 WARN DumpService start

2023-11-11 13:33:12,318 INFO start clear all config-info.

2023-11-11 13:33:12,320 WARN clear all config-info failed.

2023-11-11 13:33:12,321 WARN clear all config-info-tenant failed.

2023-11-11 13:33:15,094 INFO notifyConnectTimeout:100

2023-11-11 13:33:15,098 INFO notifySocketTimeout:200

2023-11-11 13:33:15,098 INFO isHealthCheck:true

2023-11-11 13:33:15,099 INFO maxHealthCheckFailCount:12

2023-11-11 13:33:15,100 INFO maxContent:10485760

2023-11-11 13:33:30,839 WARN DumpService start

2023-11-11 13:33:30,843 INFO start clear all config-info.

2023-11-11 13:33:30,845 WARN clear all config-info failed.

2023-11-11 13:33:30,847 WARN clear all config-info-tenant failed.

2023-11-11 13:33:33,206 INFO notifyConnectTimeout:100

2023-11-11 13:33:33,215 INFO notifySocketTimeout:200

2023-11-11 13:33:33,216 INFO isHealthCheck:true

2023-11-11 13:33:33,218 INFO maxHealthCheckFailCount:12

2023-11-11 13:33:33,219 INFO maxContent:10485760

2023-11-11 13:33:49,413 WARN DumpService start

2023-11-11 13:33:49,419 INFO start clear all config-info.

2023-11-11 13:33:49,422 WARN clear all config-info failed.

2023-11-11 13:33:49,424 WARN clear all config-info-tenant failed.

2023-11-11 13:33:52,101 INFO notifyConnectTimeout:100

2023-11-11 13:33:52,105 INFO notifySocketTimeout:200

2023-11-11 13:33:52,106 INFO isHealthCheck:true

2023-11-11 13:33:52,107 INFO maxHealthCheckFailCount:12

2023-11-11 13:33:52,108 INFO maxContent:10485760

2023-11-11 13:34:07,155 WARN DumpService start

2023-11-11 13:34:07,161 INFO start clear all config-info.

2023-11-11 13:34:07,164 WARN clear all config-info failed.

2023-11-11 13:34:07,166 WARN clear all config-info-tenant failed.

2023-11-11 13:34:10,546 INFO notifyConnectTimeout:100

2023-11-11 13:34:10,550 INFO notifySocketTimeout:200

2023-11-11 13:34:10,551 INFO isHealthCheck:true

2023-11-11 13:34:10,552 INFO maxHealthCheckFailCount:12

2023-11-11 13:34:10,553 INFO maxContent:10485760

2023-11-11 13:34:26,475 WARN DumpService start

2023-11-11 13:34:26,479 INFO start clear all config-info.

2023-11-11 13:34:26,480 WARN clear all config-info failed.

2023-11-11 13:34:26,482 WARN clear all config-info-tenant failed.

2023-11-11 13:34:28,877 INFO notifyConnectTimeout:100

2023-11-11 13:34:28,886 INFO notifySocketTimeout:200

2023-11-11 13:34:28,888 INFO isHealthCheck:true

2023-11-11 13:34:28,889 INFO maxHealthCheckFailCount:12

2023-11-11 13:34:28,891 INFO maxContent:10485760

2023-11-11 13:34:45,155 WARN DumpService start

2023-11-11 13:34:45,161 INFO start clear all config-info.

2023-11-11 13:34:45,163 WARN clear all config-info failed.

2023-11-11 13:34:45,165 WARN clear all config-info-tenant failed.

2023-11-11 13:35:07,498 INFO notifyConnectTimeout:100

2023-11-11 13:35:07,515 INFO notifySocketTimeout:200

2023-11-11 13:35:07,516 INFO isHealthCheck:true

2023-11-11 13:35:07,518 INFO maxHealthCheckFailCount:12

2023-11-11 13:35:07,521 INFO maxContent:10485760

2023-11-11 13:35:20,119 WARN DumpService start

2023-11-11 13:35:20,147 INFO start clear all config-info.

2023-11-11 13:35:20,159 WARN clear all config-info failed.

2023-11-11 13:35:20,164 WARN clear all config-info-tenant failed.

2023-11-11 13:35:20,226 INFO start clear all config-info-beta.

2023-11-11 13:35:20,230 WARN clear all config-info-beta failed.

2023-11-11 13:35:20,233 WARN clear all config-info-beta-tenant failed.

2023-11-11 13:35:20,262 INFO start clear all config-info-tag.

2023-11-11 13:35:20,268 WARN clear all config-info-tag failed.

2023-11-11 13:35:20,270 WARN clear all config-info-tag-tenant failed.

