2023-11-11 13:25:35,421 INFO [ClientConnectionEventListenerRegistry] registry listener - ConnectionBasedClientManager

2023-11-11 13:25:53,238 INFO [ClientConnectionEventListenerRegistry] registry listener - ConnectionBasedClientManager

2023-11-11 13:26:24,195 INFO [ClientConnectionEventListenerRegistry] registry listener - ConnectionBasedClientManager

2023-11-11 13:26:41,599 INFO [ClientConnectionEventListenerRegistry] registry listener - ConnectionBasedClientManager

2023-11-11 13:26:59,563 INFO [ClientConnectionEventListenerRegistry] registry listener - ConnectionBasedClientManager

2023-11-11 13:27:29,266 INFO [ClientConnectionEventListenerRegistry] registry listener - ConnectionBasedClientManager

2023-11-11 13:27:36,337 INFO [ClientConnectionEventListenerRegistry] registry listener - ConnectionBasedClientManager

2023-11-11 13:27:45,290 INFO [ClientConnectionEventListenerRegistry] registry listener - ConnectionBasedClientManager

2023-11-11 13:27:55,057 INFO [ClientConnectionEventListenerRegistry] registry listener - ConnectionBasedClientManager

2023-11-11 13:28:03,759 INFO [ClientConnectionEventListenerRegistry] registry listener - ConnectionBasedClientManager

2023-11-11 13:28:13,157 INFO [ClientConnectionEventListenerRegistry] registry listener - ConnectionBasedClientManager

2023-11-11 13:29:56,767 INFO [ClientConnectionEventListenerRegistry] registry listener - ConnectionBasedClientManager

2023-11-11 13:30:03,803 INFO [ClientConnectionEventListenerRegistry] registry listener - ConnectionBasedClientManager

2023-11-11 13:30:10,513 INFO [ClientConnectionEventListenerRegistry] registry listener - ConnectionBasedClientManager

2023-11-11 13:30:18,151 INFO [ClientConnectionEventListenerRegistry] registry listener - ConnectionBasedClientManager

2023-11-11 13:30:27,684 INFO [ClientConnectionEventListenerRegistry] registry listener - ConnectionBasedClientManager

2023-11-11 13:31:08,038 INFO [ClientConnectionEventListenerRegistry] registry listener - ConnectionBasedClientManager

2023-11-11 13:31:25,649 INFO [ClientConnectionEventListenerRegistry] registry listener - ConnectionBasedClientManager

2023-11-11 13:31:47,426 INFO [ClientConnectionEventListenerRegistry] registry listener - ConnectionBasedClientManager

2023-11-11 13:32:05,817 INFO [ClientConnectionEventListenerRegistry] registry listener - ConnectionBasedClientManager

2023-11-11 13:32:24,177 INFO [ClientConnectionEventListenerRegistry] registry listener - ConnectionBasedClientManager

2023-11-11 13:32:42,963 INFO [ClientConnectionEventListenerRegistry] registry listener - ConnectionBasedClientManager

2023-11-11 13:33:01,129 INFO [ClientConnectionEventListenerRegistry] registry listener - ConnectionBasedClientManager

2023-11-11 13:33:19,693 INFO [ClientConnectionEventListenerRegistry] registry listener - ConnectionBasedClientManager

2023-11-11 13:33:38,036 INFO [ClientConnectionEventListenerRegistry] registry listener - ConnectionBasedClientManager

2023-11-11 13:33:55,900 INFO [ClientConnectionEventListenerRegistry] registry listener - ConnectionBasedClientManager

2023-11-11 13:34:15,271 INFO [ClientConnectionEventListenerRegistry] registry listener - ConnectionBasedClientManager

2023-11-11 13:34:34,153 INFO [ClientConnectionEventListenerRegistry] registry listener - ConnectionBasedClientManager

2023-11-11 13:35:14,887 INFO [ClientConnectionEventListenerRegistry] registry listener - ConnectionBasedClientManager

2023-11-11 13:35:21,070 INFO [ClientConnectionEventListenerRegistry] registry listener - ConfigConnectionEventListener

2023-11-11 13:35:21,307 INFO [ClientConnectionEventListenerRegistry] registry listener - RpcAckCallbackInitorOrCleaner

2023-11-11 13:35:21,740 INFO Nacos GrpcSdkServer Rpc server starting at port 9848 and tls config:{"sslProvider":"","enableTls":false,"mutualAuthEnable":false,"trustAll":false,"compatibility":true}

2023-11-11 13:35:23,592 WARN Recommended use 'nacos.remote.server.grpc.sdk.max-inbound-message-size' property instead 'nacos.remote.server.grpc.maxinbound.message.size', now property value is 10485760

2023-11-11 13:35:24,383 INFO Nacos GrpcSdkServer Rpc server started at port 9848 and tls config:{"sslProvider":"","enableTls":false,"mutualAuthEnable":false,"trustAll":false,"compatibility":true}

2023-11-11 13:35:24,393 INFO Nacos GrpcClusterServer Rpc server starting at port 9849 and tls config:{"sslProvider":"","enableTls":false,"mutualAuthEnable":false,"trustAll":false,"compatibility":true}

2023-11-11 13:35:24,397 WARN Recommended use 'nacos.remote.server.grpc.cluster.max-inbound-message-size' property instead 'nacos.remote.server.grpc.maxinbound.message.size', now property value is 10485760

2023-11-11 13:35:24,409 INFO Nacos GrpcClusterServer Rpc server started at port 9849 and tls config:{"sslProvider":"","enableTls":false,"mutualAuthEnable":false,"trustAll":false,"compatibility":true}

